[debug] [2023-02-10T00:38:27.655Z] ----------------------------------------------------------------------
[debug] [2023-02-10T00:38:27.658Z] Command:       C:\Program Files\nodejs\node.exe C:\Users\sadie\AppData\Roaming\npm\node_modules\firebase-tools\lib\bin\firebase.js init
[debug] [2023-02-10T00:38:27.659Z] CLI Version:   11.22.0
[debug] [2023-02-10T00:38:27.659Z] Platform:      win32
[debug] [2023-02-10T00:38:27.660Z] Node Version:  v16.16.0
[debug] [2023-02-10T00:38:27.661Z] Time:          Thu Feb 09 2023 19:38:27 GMT-0500 (Eastern Standard Time)
[debug] [2023-02-10T00:38:27.661Z] ----------------------------------------------------------------------
[debug] 
[debug] [2023-02-10T00:38:27.753Z] > command requires scopes: ["email","openid","https://www.googleapis.com/auth/cloudplatformprojects.readonly","https://www.googleapis.com/auth/firebase","https://www.googleapis.com/auth/cloud-platform"]
[debug] [2023-02-10T00:38:27.753Z] > authorizing via signed-in user (sadieaverylb@gmail.com)
[info] 
     ######## #### ########  ######## ########     ###     ######  ########
     ##        ##  ##     ## ##       ##     ##  ##   ##  ##       ##
     ######    ##  ########  ######   ########  #########  ######  ######
     ##        ##  ##    ##  ##       ##     ## ##     ##       ## ##
     ##       #### ##     ## ######## ########  ##     ##  ######  ########

You're about to initialize a Firebase project in this directory:

  C:\Code\lily

Before we get started, keep in mind:

  * You are currently outside your home directory
  * You are initializing within an existing Firebase project directory

[info] 
=== Project Setup
[info] 
[info] First, let's associate this project directory with a Firebase project.
[info] You can create multiple project aliases by running firebase use --add, 
[info] but for now we'll just set up a default project.
[info] 
[debug] [2023-02-10T00:38:31.920Z] Using project from CLI flag: lily-alexandre
[debug] [2023-02-10T00:38:31.924Z] >>> [apiv2][query] GET https://firebase.googleapis.com/v1beta1/projects/lily-alexandre [none]
[debug] [2023-02-10T00:38:32.223Z] <<< [apiv2][status] GET https://firebase.googleapis.com/v1beta1/projects/lily-alexandre 200
[debug] [2023-02-10T00:38:32.223Z] <<< [apiv2][body] GET https://firebase.googleapis.com/v1beta1/projects/lily-alexandre {"projectId":"lily-alexandre","projectNumber":"116573473418","displayName":"lily-alexandre","name":"projects/lily-alexandre","resources":{"hostingSite":"lily-alexandre"},"state":"ACTIVE","etag":"1_9ba970ee-b8f9-4b2a-ab6c-0394905fb612"}
[info] i  Using project lily-alexandre (lily-alexandre) 
[info] 
=== Hosting:github Setup
[info] 
[info] i  Detected a .git folder at C:\Code\lily 
[info] i  Authorizing with GitHub to upload your service account to a GitHub repository's secrets store. 
[info] 
[info] Visit this URL on this device to log in:
[info] https://github.com/login/oauth/authorize?client_id=89cf50f02ac6aaed3484&state=755304269&redirect_uri=http%3A%2F%2Flocalhost%3A9005&scope=read%3Auser%20repo%20public_repo
[info] 
[info] Waiting for authentication...
[debug] [2023-02-10T00:38:32.824Z] >>> [apiv2][query] POST https://github.com/login/oauth/access_token [none]
[debug] [2023-02-10T00:38:32.824Z] >>> [apiv2][body] POST https://github.com/login/oauth/access_token [stream]
[debug] [2023-02-10T00:38:33.034Z] <<< [apiv2][status] POST https://github.com/login/oauth/access_token 200
[debug] [2023-02-10T00:38:33.034Z] <<< [apiv2][body] POST https://github.com/login/oauth/access_token {"access_token":"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","token_type":"bearer","scope":"read:user,repo"}
[debug] [2023-02-10T00:38:33.038Z] >>> [apiv2][query] GET https://api.github.com/user [none]
[debug] [2023-02-10T00:38:33.286Z] <<< [apiv2][status] GET https://api.github.com/user 200
[debug] [2023-02-10T00:38:33.286Z] <<< [apiv2][body] GET https://api.github.com/user {"login":"s-avery","id":105220562,"node_id":"U_kgDOBkWJ0g","avatar_url":"https://avatars.githubusercontent.com/u/105220562?v=4","gravatar_id":"","url":"https://api.github.com/users/s-avery","html_url":"https://github.com/s-avery","followers_url":"https://api.github.com/users/s-avery/followers","following_url":"https://api.github.com/users/s-avery/following{/other_user}","gists_url":"https://api.github.com/users/s-avery/gists{/gist_id}","starred_url":"https://api.github.com/users/s-avery/starred{/owner}{/repo}","subscriptions_url":"https://api.github.com/users/s-avery/subscriptions","organizations_url":"https://api.github.com/users/s-avery/orgs","repos_url":"https://api.github.com/users/s-avery/repos","events_url":"https://api.github.com/users/s-avery/events{/privacy}","received_events_url":"https://api.github.com/users/s-avery/received_events","type":"User","site_admin":false,"name":"sadie avery","company":null,"blog":"","location":null,"email":null,"hireable":null,"bio":"im sadie. i am a web developer. my two cats compete to see who is the more absolute creature","twitter_username":null,"public_repos":5,"public_gists":0,"followers":0,"following":0,"created_at":"2022-05-09T13:28:35Z","updated_at":"2022-10-03T00:44:45Z","private_gists":0,"total_private_repos":5,"owned_private_repos":4,"disk_usage":100788,"collaborators":0,"two_factor_authentication":false,"plan":{"name":"free","space":976562499,"collaborators":0,"private_repos":10000}}
[info] 
[info] +  Success! Logged into GitHub as s-avery 
[info] 
